<?xml version="1.0" encoding="UTF-8"?>
<testsuite xmlns:xsi="http://www.w3.org/2001/XMLSchema-instance" xsi:noNamespaceSchemaLocation="https://maven.apache.org/surefire/maven-surefire-plugin/xsd/surefire-test-report.xsd" name="tests.TestRunner" time="3.634" tests="5" errors="2" skipped="0" failures="2">
  <properties>
[...]
</properties>
  <testcase name="Verify that User is able to create a new employee using create api endpoint;" classname="Create Employee scenario" time="0.852">
    <error message="Cannot serialize object because no JSON serializer found in classpath. Please put Jackson (Databind), Gson, Johnzon, or Yasson in the classpath." type="java.lang.IllegalStateException">java.lang.IllegalStateException: Cannot serialize object because no JSON serializer found in classpath. Please put Jackson (Databind), Gson, Johnzon, or Yasson in the classpath.
</error>
  </testcase>
  <testcase name="Verify user is able to delete employee details using delete endpoint" classname="EMPTY_NAME" time="1.479"/>
  <testcase name="Verify user retrieves all the employees details" classname="GET all employees or single employee details" time="0.34">
    <failure message="expected:&lt;200&gt; but was:&lt;429&gt;" type="java.lang.AssertionError"><![CDATA[java.lang.AssertionError: expected:<200> but was:<429>
]]></failure>
  </testcase>
  <testcase name="Verify user retrieves single employee details" classname="GET all employees or single employee details" time="0.52">
    <failure message="expected:&lt;200&gt; but was:&lt;429&gt;" type="java.lang.AssertionError"><![CDATA[java.lang.AssertionError: expected:<200> but was:<429>
]]></failure>
    <system-out><![CDATA[Request method:	GET
Request URI:	https://dummy.restapiexample.com/api/v1/employee/1
Proxy:			<none>
Request params:	<none>
Query params:	<none>
Form params:	<none>
Path params:	employeeId=1
Headers:		Accept=*/*
Cookies:		<none>
Multiparts:		<none>
Body:			<none>
<html lang="en">
  <head>
    <meta charset="utf-8"/>
    <meta name="viewport" content="width=device-width, initial-scale=1"/>
    <title>Too Many Requests</title>
    <link rel="dns-prefetch" href="//fonts.gstatic.com"/>
    <link href="https://fonts.googleapis.com/css?family=Nunito" rel="stylesheet"/>
    <style>
            html, body {
                background-color: #fff;
                color: #636b6f;
                font-family: 'Nunito', sans-serif;
                font-weight: 100;
                height: 100vh;
                margin: 0;
            }

            .full-height {
                height: 100vh;
            }

            .flex-center {
                align-items: center;
                display: flex;
                justify-content: center;
            }

            .position-ref {
                position: relative;
            }

            .code {
                border-right: 2px solid;
                font-size: 26px;
                padding: 0 15px 0 15px;
                text-align: center;
            }

            .message {
                font-size: 18px;
                text-align: center;
            }
        </style>
  </head>
  <body>
    <div class="flex-center position-ref full-height">
      <div class="code">
                429            </div>
      <div class="message" style="padding: 10px;">
                Too Many Requests            </div>
    </div>
  </body>
</html>
]]></system-out>
  </testcase>
  <testcase name="Verify User is able to update the employee details using PUT end point" classname="Update employee details using PUT" time="0.008">
    <error message="Cannot serialize object because no JSON serializer found in classpath. Please put Jackson (Databind), Gson, Johnzon, or Yasson in the classpath." type="java.lang.IllegalStateException">java.lang.IllegalStateException: Cannot serialize object because no JSON serializer found in classpath. Please put Jackson (Databind), Gson, Johnzon, or Yasson in the classpath.
</error>
  </testcase>
</testsuite>